mode: set
github.com/awsh-code/Overly-Serious-Simple-Stock-Service/internal/cache/cache.go:19.41,24.2 1 1
github.com/awsh-code/Overly-Serious-Simple-Stock-Service/internal/cache/cache.go:26.52,34.2 3 1
github.com/awsh-code/Overly-Serious-Simple-Stock-Service/internal/cache/cache.go:36.53,41.12 4 1
github.com/awsh-code/Overly-Serious-Simple-Stock-Service/internal/cache/cache.go:41.12,43.3 1 1
github.com/awsh-code/Overly-Serious-Simple-Stock-Service/internal/cache/cache.go:45.2,45.45 1 1
github.com/awsh-code/Overly-Serious-Simple-Stock-Service/internal/cache/cache.go:45.45,47.3 1 1
github.com/awsh-code/Overly-Serious-Simple-Stock-Service/internal/cache/cache.go:49.2,49.25 1 1
github.com/awsh-code/Overly-Serious-Simple-Stock-Service/internal/cache/cache.go:52.36,57.2 3 1
github.com/awsh-code/Overly-Serious-Simple-Stock-Service/cmd/main.go:23.13,117.12 22 0
github.com/awsh-code/Overly-Serious-Simple-Stock-Service/cmd/main.go:117.12,119.77 2 0
github.com/awsh-code/Overly-Serious-Simple-Stock-Service/cmd/main.go:119.77,121.4 1 0
github.com/awsh-code/Overly-Serious-Simple-Stock-Service/cmd/main.go:125.2,133.42 7 0
github.com/awsh-code/Overly-Serious-Simple-Stock-Service/cmd/main.go:133.42,135.3 1 0
github.com/awsh-code/Overly-Serious-Simple-Stock-Service/cmd/main.go:136.2,136.41 1 0
github.com/awsh-code/Overly-Serious-Simple-Stock-Service/internal/config/config.go:23.21,43.2 6 0
github.com/awsh-code/Overly-Serious-Simple-Stock-Service/internal/config/config.go:45.46,46.42 1 0
github.com/awsh-code/Overly-Serious-Simple-Stock-Service/internal/config/config.go:46.42,48.3 1 0
github.com/awsh-code/Overly-Serious-Simple-Stock-Service/internal/config/config.go:49.2,49.21 1 0
github.com/awsh-code/Overly-Serious-Simple-Stock-Service/internal/handlers/handlers.go:27.159,35.2 1 1
github.com/awsh-code/Overly-Serious-Simple-Stock-Service/internal/handlers/handlers.go:37.54,57.74 7 0
github.com/awsh-code/Overly-Serious-Simple-Stock-Service/internal/handlers/handlers.go:57.74,59.3 1 0
github.com/awsh-code/Overly-Serious-Simple-Stock-Service/internal/handlers/handlers.go:60.2,60.82 1 0
github.com/awsh-code/Overly-Serious-Simple-Stock-Service/internal/handlers/handlers.go:60.82,62.3 1 0
github.com/awsh-code/Overly-Serious-Simple-Stock-Service/internal/handlers/handlers.go:66.73,68.15 2 1
github.com/awsh-code/Overly-Serious-Simple-Stock-Service/internal/handlers/handlers.go:68.15,71.3 2 1
github.com/awsh-code/Overly-Serious-Simple-Stock-Service/internal/handlers/handlers.go:73.2,79.40 2 1
github.com/awsh-code/Overly-Serious-Simple-Stock-Service/internal/handlers/handlers.go:83.72,85.15 2 0
github.com/awsh-code/Overly-Serious-Simple-Stock-Service/internal/handlers/handlers.go:85.15,88.3 2 0
github.com/awsh-code/Overly-Serious-Simple-Stock-Service/internal/handlers/handlers.go:91.2,92.16 2 0
github.com/awsh-code/Overly-Serious-Simple-Stock-Service/internal/handlers/handlers.go:92.16,100.3 3 0
github.com/awsh-code/Overly-Serious-Simple-Stock-Service/internal/handlers/handlers.go:102.2,108.40 2 0
github.com/awsh-code/Overly-Serious-Simple-Stock-Service/internal/handlers/handlers.go:112.72,114.15 2 0
github.com/awsh-code/Overly-Serious-Simple-Stock-Service/internal/handlers/handlers.go:114.15,117.3 2 0
github.com/awsh-code/Overly-Serious-Simple-Stock-Service/internal/handlers/handlers.go:119.2,124.16 3 0
github.com/awsh-code/Overly-Serious-Simple-Stock-Service/internal/handlers/handlers.go:124.16,128.3 3 0
github.com/awsh-code/Overly-Serious-Simple-Stock-Service/internal/handlers/handlers.go:130.2,130.41 1 0
github.com/awsh-code/Overly-Serious-Simple-Stock-Service/internal/handlers/handlers.go:134.78,136.15 2 0
github.com/awsh-code/Overly-Serious-Simple-Stock-Service/internal/handlers/handlers.go:136.15,139.3 2 0
github.com/awsh-code/Overly-Serious-Simple-Stock-Service/internal/handlers/handlers.go:141.2,149.16 5 0
github.com/awsh-code/Overly-Serious-Simple-Stock-Service/internal/handlers/handlers.go:149.16,153.3 3 0
github.com/awsh-code/Overly-Serious-Simple-Stock-Service/internal/handlers/handlers.go:155.2,155.41 1 0
github.com/awsh-code/Overly-Serious-Simple-Stock-Service/internal/handlers/handlers.go:159.82,161.15 2 0
github.com/awsh-code/Overly-Serious-Simple-Stock-Service/internal/handlers/handlers.go:161.15,164.3 2 0
github.com/awsh-code/Overly-Serious-Simple-Stock-Service/internal/handlers/handlers.go:166.2,172.19 5 0
github.com/awsh-code/Overly-Serious-Simple-Stock-Service/internal/handlers/handlers.go:172.19,173.59 1 0
github.com/awsh-code/Overly-Serious-Simple-Stock-Service/internal/handlers/handlers.go:173.59,175.4 1 0
github.com/awsh-code/Overly-Serious-Simple-Stock-Service/internal/handlers/handlers.go:178.2,183.16 3 0
github.com/awsh-code/Overly-Serious-Simple-Stock-Service/internal/handlers/handlers.go:183.16,187.3 3 0
github.com/awsh-code/Overly-Serious-Simple-Stock-Service/internal/handlers/handlers.go:189.2,189.41 1 0
github.com/awsh-code/Overly-Serious-Simple-Stock-Service/internal/handlers/handlers.go:192.85,196.56 3 1
github.com/awsh-code/Overly-Serious-Simple-Stock-Service/internal/handlers/handlers.go:196.56,198.3 1 0
github.com/awsh-code/Overly-Serious-Simple-Stock-Service/internal/handlers/handlers.go:201.93,210.2 2 0
github.com/awsh-code/Overly-Serious-Simple-Stock-Service/internal/middleware/middleware.go:31.13,34.2 2 0
github.com/awsh-code/Overly-Serious-Simple-Stock-Service/internal/middleware/middleware.go:36.53,37.46 1 0
github.com/awsh-code/Overly-Serious-Simple-Stock-Service/internal/middleware/middleware.go:37.46,38.72 1 0
github.com/awsh-code/Overly-Serious-Simple-Stock-Service/internal/middleware/middleware.go:38.72,46.4 3 0
github.com/awsh-code/Overly-Serious-Simple-Stock-Service/internal/middleware/middleware.go:50.46,51.71 1 0
github.com/awsh-code/Overly-Serious-Simple-Stock-Service/internal/middleware/middleware.go:51.71,64.3 9 0
github.com/awsh-code/Overly-Serious-Simple-Stock-Service/internal/middleware/middleware.go:72.57,75.2 2 0
github.com/awsh-code/Overly-Serious-Simple-Stock-Service/internal/circuitbreaker/circuitbreaker.go:22.32,23.11 1 0
github.com/awsh-code/Overly-Serious-Simple-Stock-Service/internal/circuitbreaker/circuitbreaker.go:24.19,25.18 1 0
github.com/awsh-code/Overly-Serious-Simple-Stock-Service/internal/circuitbreaker/circuitbreaker.go:26.17,27.16 1 0
github.com/awsh-code/Overly-Serious-Simple-Stock-Service/internal/circuitbreaker/circuitbreaker.go:28.21,29.21 1 0
github.com/awsh-code/Overly-Serious-Simple-Stock-Service/internal/circuitbreaker/circuitbreaker.go:30.10,31.19 1 0
github.com/awsh-code/Overly-Serious-Simple-Stock-Service/internal/circuitbreaker/circuitbreaker.go:46.103,53.2 1 1
github.com/awsh-code/Overly-Serious-Simple-Stock-Service/internal/circuitbreaker/circuitbreaker.go:55.55,60.74 3 1
github.com/awsh-code/Overly-Serious-Simple-Stock-Service/internal/circuitbreaker/circuitbreaker.go:60.74,64.3 3 1
github.com/awsh-code/Overly-Serious-Simple-Stock-Service/internal/circuitbreaker/circuitbreaker.go:66.2,66.18 1 1
github.com/awsh-code/Overly-Serious-Simple-Stock-Service/internal/circuitbreaker/circuitbreaker.go:67.17,68.31 1 1
github.com/awsh-code/Overly-Serious-Simple-Stock-Service/internal/circuitbreaker/circuitbreaker.go:69.21,71.17 2 1
github.com/awsh-code/Overly-Serious-Simple-Stock-Service/internal/circuitbreaker/circuitbreaker.go:71.17,73.46 2 1
github.com/awsh-code/Overly-Serious-Simple-Stock-Service/internal/circuitbreaker/circuitbreaker.go:73.46,76.5 2 1
github.com/awsh-code/Overly-Serious-Simple-Stock-Service/internal/circuitbreaker/circuitbreaker.go:77.4,77.14 1 1
github.com/awsh-code/Overly-Serious-Simple-Stock-Service/internal/circuitbreaker/circuitbreaker.go:78.9,80.46 2 1
github.com/awsh-code/Overly-Serious-Simple-Stock-Service/internal/circuitbreaker/circuitbreaker.go:80.46,84.5 3 1
github.com/awsh-code/Overly-Serious-Simple-Stock-Service/internal/circuitbreaker/circuitbreaker.go:85.4,85.14 1 1
github.com/awsh-code/Overly-Serious-Simple-Stock-Service/internal/circuitbreaker/circuitbreaker.go:87.19,89.17 2 1
github.com/awsh-code/Overly-Serious-Simple-Stock-Service/internal/circuitbreaker/circuitbreaker.go:89.17,92.46 3 1
github.com/awsh-code/Overly-Serious-Simple-Stock-Service/internal/circuitbreaker/circuitbreaker.go:92.46,95.5 2 1
github.com/awsh-code/Overly-Serious-Simple-Stock-Service/internal/circuitbreaker/circuitbreaker.go:96.4,96.14 1 1
github.com/awsh-code/Overly-Serious-Simple-Stock-Service/internal/circuitbreaker/circuitbreaker.go:97.9,101.4 3 1
github.com/awsh-code/Overly-Serious-Simple-Stock-Service/internal/circuitbreaker/circuitbreaker.go:104.2,104.12 1 0
github.com/awsh-code/Overly-Serious-Simple-Stock-Service/internal/circuitbreaker/circuitbreaker.go:107.44,111.2 3 1
github.com/awsh-code/Overly-Serious-Simple-Stock-Service/internal/circuitbreaker/circuitbreaker.go:113.86,117.2 3 0
github.com/awsh-code/Overly-Serious-Simple-Stock-Service/internal/stock/client.go:65.11,81.2 1 1
github.com/awsh-code/Overly-Serious-Simple-Stock-Service/internal/stock/client.go:83.115,90.51 3 1
github.com/awsh-code/Overly-Serious-Simple-Stock-Service/internal/stock/client.go:90.51,93.47 3 0
github.com/awsh-code/Overly-Serious-Simple-Stock-Service/internal/stock/client.go:93.47,95.4 1 0
github.com/awsh-code/Overly-Serious-Simple-Stock-Service/internal/stock/client.go:98.2,104.46 5 1
github.com/awsh-code/Overly-Serious-Simple-Stock-Service/internal/stock/client.go:104.46,107.3 2 1
github.com/awsh-code/Overly-Serious-Simple-Stock-Service/internal/stock/client.go:109.2,109.18 1 1
github.com/awsh-code/Overly-Serious-Simple-Stock-Service/internal/stock/client.go:109.18,112.3 2 1
github.com/awsh-code/Overly-Serious-Simple-Stock-Service/internal/stock/client.go:115.2,115.33 1 1
github.com/awsh-code/Overly-Serious-Simple-Stock-Service/internal/stock/client.go:115.33,118.3 2 1
github.com/awsh-code/Overly-Serious-Simple-Stock-Service/internal/stock/client.go:120.2,120.20 1 1
github.com/awsh-code/Overly-Serious-Simple-Stock-Service/internal/stock/client.go:123.117,125.15 2 1
github.com/awsh-code/Overly-Serious-Simple-Stock-Service/internal/stock/client.go:125.15,128.3 2 1
github.com/awsh-code/Overly-Serious-Simple-Stock-Service/internal/stock/client.go:130.2,135.16 4 1
github.com/awsh-code/Overly-Serious-Simple-Stock-Service/internal/stock/client.go:135.16,138.3 2 0
github.com/awsh-code/Overly-Serious-Simple-Stock-Service/internal/stock/client.go:139.2,141.38 2 1
github.com/awsh-code/Overly-Serious-Simple-Stock-Service/internal/stock/client.go:141.38,144.3 2 0
github.com/awsh-code/Overly-Serious-Simple-Stock-Service/internal/stock/client.go:146.2,147.16 2 1
github.com/awsh-code/Overly-Serious-Simple-Stock-Service/internal/stock/client.go:147.16,150.3 2 0
github.com/awsh-code/Overly-Serious-Simple-Stock-Service/internal/stock/client.go:152.2,153.64 2 1
github.com/awsh-code/Overly-Serious-Simple-Stock-Service/internal/stock/client.go:153.64,156.3 2 0
github.com/awsh-code/Overly-Serious-Simple-Stock-Service/internal/stock/client.go:158.2,158.41 1 1
github.com/awsh-code/Overly-Serious-Simple-Stock-Service/internal/stock/client.go:158.41,161.3 2 0
github.com/awsh-code/Overly-Serious-Simple-Stock-Service/internal/stock/client.go:163.2,163.33 1 1
github.com/awsh-code/Overly-Serious-Simple-Stock-Service/internal/stock/client.go:163.33,165.3 1 0
github.com/awsh-code/Overly-Serious-Simple-Stock-Service/internal/stock/client.go:167.2,167.48 1 1
github.com/awsh-code/Overly-Serious-Simple-Stock-Service/internal/stock/client.go:167.48,170.3 2 1
github.com/awsh-code/Overly-Serious-Simple-Stock-Service/internal/stock/client.go:172.2,172.77 1 1
github.com/awsh-code/Overly-Serious-Simple-Stock-Service/internal/stock/client.go:175.115,177.31 2 1
github.com/awsh-code/Overly-Serious-Simple-Stock-Service/internal/stock/client.go:177.31,179.3 1 1
github.com/awsh-code/Overly-Serious-Simple-Stock-Service/internal/stock/client.go:181.2,183.24 2 1
github.com/awsh-code/Overly-Serious-Simple-Stock-Service/internal/stock/client.go:183.24,185.3 1 1
github.com/awsh-code/Overly-Serious-Simple-Stock-Service/internal/stock/client.go:187.2,190.29 3 1
github.com/awsh-code/Overly-Serious-Simple-Stock-Service/internal/stock/client.go:190.29,195.17 4 1
github.com/awsh-code/Overly-Serious-Simple-Stock-Service/internal/stock/client.go:195.17,197.12 2 1
github.com/awsh-code/Overly-Serious-Simple-Stock-Service/internal/stock/client.go:200.3,204.15 2 1
github.com/awsh-code/Overly-Serious-Simple-Stock-Service/internal/stock/client.go:207.2,207.22 1 1
github.com/awsh-code/Overly-Serious-Simple-Stock-Service/internal/stock/client.go:207.22,209.3 1 0
github.com/awsh-code/Overly-Serious-Simple-Stock-Service/internal/stock/client.go:211.2,218.8 2 1
github.com/awsh-code/Overly-Serious-Simple-Stock-Service/internal/stock/client.go:221.44,223.2 1 1
